<?xml version="1.0" encoding="UTF-8"?>
<testsuite xmlns:xsi="http://www.w3.org/2001/XMLSchema-instance" xsi:noNamespaceSchemaLocation="https://maven.apache.org/surefire/maven-surefire-plugin/xsd/surefire-test-report.xsd" version="3.0.2" name="ru.vsu.polichnoy.lab1.IntContainerTest" time="0.075" tests="5" errors="0" skipped="0" failures="0">
  <properties>
[...]
</properties>
  <testcase name="newContainerShouldBeEmpty" classname="ru.vsu.polichnoy.lab1.IntContainerTest" time="0.025"/>
  <testcase name="getShouldRejectInvalidIndex" classname="ru.vsu.polichnoy.lab1.IntContainerTest" time="0.009"/>
  <testcase name="addShouldStoreValuesInInsertionOrder" classname="ru.vsu.polichnoy.lab1.IntContainerTest" time="0.003"/>
  <testcase name="addShouldRejectValueWhenContainerIsFull" classname="ru.vsu.polichnoy.lab1.IntContainerTest" time="0.001"/>
  <testcase name="constructorShouldRejectNonPositiveCapacity" classname="ru.vsu.polichnoy.lab1.IntContainerTest" time="0.002"/>
</testsuite>